


ARM Macro Assembler    Page 1 


    1 00000000         ; gpio.s
    2 00000000         ; Desenvolvido para a placa EK-TM4C1294XL
    3 00000000         ; Prof. Guilherme Peron
    4 00000000         ; Ver 1 19/03/2018
    5 00000000         ; Ver 2 26/08/2018
    6 00000000         
    7 00000000         ; ------------------------------------------------------
                       -------------------------
    8 00000000                 THUMB                        ; Instruções do tip
                                                            o Thumb-2
    9 00000000         ; ------------------------------------------------------
                       -------------------------
   10 00000000         ; Declarações EQU - Defines
   11 00000000         ; ========================
   12 00000000         ; ========================
   13 00000000         ; Definições dos Registradores Gerais
   14 00000000 400FE608 
                       SYSCTL_RCGCGPIO_R
                               EQU              0x400FE608
   15 00000000 400FEA08 
                       SYSCTL_PRGPIO_R
                               EQU              0x400FEA08
   16 00000000         ; ========================
   17 00000000         ; Definições dos Ports
   18 00000000         ; PORT K
   19 00000000 40061520 
                       GPIO_PORTK_LOCK_R
                               EQU              0x40061520
   20 00000000 40061524 
                       GPIO_PORTK_CR_R
                               EQU              0x40061524
   21 00000000 40061528 
                       GPIO_PORTK_AMSEL_R
                               EQU              0x40061528
   22 00000000 4006152C 
                       GPIO_PORTK_PCTL_R
                               EQU              0x4006152C
   23 00000000 40061400 
                       GPIO_PORTK_DIR_R
                               EQU              0x40061400
   24 00000000 40061420 
                       GPIO_PORTK_AFSEL_R
                               EQU              0x40061420
   25 00000000 4006151C 
                       GPIO_PORTK_DEN_R
                               EQU              0x4006151C
   26 00000000 40061510 
                       GPIO_PORTK_PUR_R
                               EQU              0x40061510
   27 00000000 400613FC 
                       GPIO_PORTK_DATA_R
                               EQU              0x400613FC
   28 00000000 00000200 
                       GPIO_PORTK
                               EQU              2_000001000000000
   29 00000000         ; PORT M
   30 00000000 40063520 
                       GPIO_PORTM_LOCK_R
                               EQU              0x40063520



ARM Macro Assembler    Page 2 


   31 00000000 40063524 
                       GPIO_PORTM_CR_R
                               EQU              0x40063524
   32 00000000 40063528 
                       GPIO_PORTM_AMSEL_R
                               EQU              0x40063528
   33 00000000 4006352C 
                       GPIO_PORTM_PCTL_R
                               EQU              0x4006352C
   34 00000000 40063400 
                       GPIO_PORTM_DIR_R
                               EQU              0x40063400
   35 00000000 40063420 
                       GPIO_PORTM_AFSEL_R
                               EQU              0x40063420
   36 00000000 4006351C 
                       GPIO_PORTM_DEN_R
                               EQU              0x4006351C
   37 00000000 40063510 
                       GPIO_PORTM_PUR_R
                               EQU              0x40063510
   38 00000000 400633FC 
                       GPIO_PORTM_DATA_R
                               EQU              0x400633FC
   39 00000000         
   40 00000000 40063404 
                       GPIO_PORTM_IS_R
                               EQU              0x40063404
   41 00000000 40063408 
                       GPIO_PORTM_IBE_R
                               EQU              0x40063408
   42 00000000 4006340C 
                       GPIO_PORTM_IEV_R
                               EQU              0x4006340C
   43 00000000 40063410 
                       GPIO_PORTM_IM_R
                               EQU              0x40063410
   44 00000000 4006341C 
                       GPIO_PORTM_ICR_R
                               EQU              0x4006341C
   45 00000000 00000800 
                       GPIO_PORTM
                               EQU              2_000100000000000
   46 00000000         ; PORT N
   47 00000000 40064520 
                       GPIO_PORTN_AHB_LOCK_R
                               EQU              0x40064520
   48 00000000 40064524 
                       GPIO_PORTN_AHB_CR_R
                               EQU              0x40064524
   49 00000000 40064528 
                       GPIO_PORTN_AHB_AMSEL_R
                               EQU              0x40064528
   50 00000000 4006452C 
                       GPIO_PORTN_AHB_PCTL_R
                               EQU              0x4006452C
   51 00000000 40064400 
                       GPIO_PORTN_AHB_DIR_R
                               EQU              0x40064400



ARM Macro Assembler    Page 3 


   52 00000000 40064420 
                       GPIO_PORTN_AHB_AFSEL_R
                               EQU              0x40064420
   53 00000000 4006451C 
                       GPIO_PORTN_AHB_DEN_R
                               EQU              0x4006451C
   54 00000000 40064510 
                       GPIO_PORTN_AHB_PUR_R
                               EQU              0x40064510
   55 00000000 400643FC 
                       GPIO_PORTN_AHB_DATA_R
                               EQU              0x400643FC
   56 00000000 00001000 
                       GPIO_PORTN
                               EQU              2_001000000000000
   57 00000000         
   58 00000000         ; NVIC
   59 00000000 E000E448 
                       NVIC_PRI18_R
                               EQU              0xE000E448
   60 00000000 E000E108 
                       NVIC_EN2_R
                               EQU              0xE000E108
   61 00000000         
   62 00000000         
   63 00000000         
   64 00000000         ; ------------------------------------------------------
                       -------------------------
   65 00000000         ; Área de Código - Tudo abaixo da diretiva a seguir será
                        armazenado na memória de 
   66 00000000         ;                  código
   67 00000000                 AREA             |.text|, CODE, READONLY, ALIGN=
2
   68 00000000         
   69 00000000         ; Se alguma função do arquivo for chamada em outro arqui
                       vo 
   70 00000000                 EXPORT           GPIO_Init   ; Permite chamar GP
                                                            IO_Init de outro ar
                                                            quivo
   71 00000000                 EXPORT           PortN_Output
   72 00000000                 EXPORT           GPIOPortM_Handler
   73 00000000                 IMPORT           EnableInterrupts
   74 00000000                 IMPORT           DisableInterrupts
   75 00000000                 IMPORT           SysTick_Wait1ms
   76 00000000         ; ****************************************
   77 00000000         ; Exportar as funções usadas em outros arquivos
   78 00000000         ; ****************************************
   79 00000000         
   80 00000000         
   81 00000000         ;-------------------------------------------------------
                       -------------------------
   82 00000000         ; Função GPIO_Init
   83 00000000         ; Parâmetro de entrada: Não tem
   84 00000000         ; Parâmetro de saída: Não tem
   85 00000000         GPIO_Init
   86 00000000         ;=====================
   87 00000000         ; ****************************************
   88 00000000         ; Escrever função de inicialização dos GPIO
   89 00000000         ; Inicializar todas as portas utilizadas.



ARM Macro Assembler    Page 4 


   90 00000000         ; ****************************************
   91 00000000         ; 1. Ativar o clock para a porta setando o bit correspon
                       dente no registrador RCGCGPIO,
   92 00000000         ; após isso verificar no PRGPIO se a porta está pronta p
                       ara uso.
   93 00000000         ; enable clock to GPIOF at clock gating register
   94 00000000 483A            LDR              R0, =SYSCTL_RCGCGPIO_R ;Carrega
                                                             o endereço do regi
                                                            strador RCGCGPIO
   95 00000002 F44F 7100       MOV              R1, #GPIO_PORTK ;Seta o bit da 
                                                            porta K
   96 00000006 F441 6100       ORR              R1, #GPIO_PORTM ;Seta o bit da 
                                                            porta M, fazendo co
                                                            m OR
   97 0000000A F441 5180       ORR              R1, #GPIO_PORTN ;Seta o bit da 
                                                            porta N, fazendo co
                                                            m OR
   98 0000000E 6001            STR              R1, [R0]    ;Move para a memóri
                                                            a os bits das porta
                                                            s no endereço do RC
                                                            GCGPIO
   99 00000010         
  100 00000010 4837            LDR              R0, =SYSCTL_PRGPIO_R ;Carrega o
                                                             endereço do PRGPIO
                                                             para esperar os GP
                                                            IO ficarem prontos
  101 00000012 6801    EsperaGPIO
                               LDR              R1, [R0]    ;Lê da memória o co
                                                            nteúdo do endereço 
                                                            do registrador
  102 00000014 F44F 7200       MOV              R2, #GPIO_PORTK ;Seta os bits c
                                                            orrespondentes às p
                                                            ortas para fazer a 
                                                            comparação
  103 00000018 F442 6200       ORR              R2, #GPIO_PORTM ;Seta o bit da 
                                                            porta M, fazendo co
                                                            m OR
  104 0000001C F441 5180       ORR              R1, #GPIO_PORTN ;Seta o bit da 
                                                            porta N, fazendo co
                                                            m OR   
  105 00000020 4211            TST              R1, R2      ;ANDS de R1 com R2
  106 00000022 D0F6            BEQ              EsperaGPIO  ;Se o flag Z=1, vol
                                                            ta para o laço. Sen
                                                            ão continua executa
                                                            ndo
  107 00000024         
  108 00000024         ; 2. Limpar o AMSEL para desabilitar a analógica
  109 00000024 F04F 0100       MOV              R1, #0x00   ;Colocar 0 no regis
                                                            trador para desabil
                                                            itar a função analó
                                                            gica
  110 00000028 4832            LDR              R0, =GPIO_PORTK_AMSEL_R ;Carreg
                                                            a o R0 com o endere
                                                            ço do AMSEL para a 
                                                            porta K
  111 0000002A 6001            STR              R1, [R0]    ;Guarda no registra
                                                            dor AMSEL da porta 
                                                            K da memória
  112 0000002C 4832            LDR              R0, =GPIO_PORTM_AMSEL_R ;Carreg



ARM Macro Assembler    Page 5 


                                                            a o R0 com o endere
                                                            ço do AMSEL para a 
                                                            porta M
  113 0000002E 6001            STR              R1, [R0]    ;Guarda no registra
                                                            dor AMSEL da porta 
                                                            M da memória
  114 00000030 4832            LDR              R0, =GPIO_PORTN_AHB_AMSEL_R ;Ca
                                                            rrega o R0 com o en
                                                            dereço do AMSEL par
                                                            a a porta N
  115 00000032 6001            STR              R1, [R0]    ;Guarda no registra
                                                            dor AMSEL da porta 
                                                            N da memória
  116 00000034         
  117 00000034         ; 3. Limpar PCTL para selecionar o GPIO
  118 00000034 F04F 0100       MOV              R1, #0x00   ;Colocar 0 no regis
                                                            trador para selecio
                                                            nar o modo GPIO
  119 00000038 4831            LDR              R0, =GPIO_PORTK_PCTL_R ;Carrega
                                                             o R0 com o endereç
                                                            o do PCTL para a po
                                                            rta K
  120 0000003A 6001            STR              R1, [R0]    ;Guarda no registra
                                                            dor PCTL da porta K
                                                             da memória
  121 0000003C 4831            LDR              R0, =GPIO_PORTM_PCTL_R ;Carrega
                                                             o R0 com o endereç
                                                            o do PCTL para a po
                                                            rta M
  122 0000003E 6001            STR              R1, [R0]    ;Guarda no registra
                                                            dor PCTL da porta M
                                                             da memória
  123 00000040 4831            LDR              R0, =GPIO_PORTN_AHB_PCTL_R ;Car
                                                            rega o R0 com o end
                                                            ereço do PCTL para 
                                                            a porta N
  124 00000042 6001            STR              R1, [R0]    ;Guarda no registra
                                                            dor PCTL da porta N
                                                             da memória
  125 00000044         ; 4. DIR para 0 se for entrada, 1 se for saída
  126 00000044 4831            LDR              R0, =GPIO_PORTK_DIR_R ;Carrega 
                                                            o R0 com o endereço
                                                             do DIR para a port
                                                            a K
  127 00000046 F04F 0180       MOV              R1, #2_10000000 ;PK7
  128 0000004A 6001            STR              R1, [R0]    ;Guarda no registra
                                                            dor
  129 0000004C 4830            LDR              R0, =GPIO_PORTN_AHB_DIR_R ;Carr
                                                            ega o R0 com o ende
                                                            reço do DIR para a 
                                                            porta N
  130 0000004E F04F 0103       MOV              R1, #2_00000011 
                                                            ;PN1 & PN1 para LED
                                                            
  131 00000052 6001            STR              R1, [R0]    ;Guarda no reg
  132 00000054         ; O certo era verificar os outros bits da PF para não tr
                       ansformar entradas em saídas desnecessárias
  133 00000054 482F            LDR              R0, =GPIO_PORTM_DIR_R ;Carrega 
                                                            o R0 com o endereço



ARM Macro Assembler    Page 6 


                                                             do DIR para a port
                                                            a M
  134 00000056 F04F 0100       MOV              R1, #0x00   ;Colocar 0 no regis
                                                            trador DIR para fun
                                                            cionar com saída
  135 0000005A 6001            STR              R1, [R0]    ;Guarda no registra
                                                            dor PCTL da porta J
                                                             da memória
  136 0000005C         ; 5. Limpar os bits AFSEL para 0 para selecionar GPIO 
  137 0000005C         ;    Sem função alternativa
  138 0000005C F04F 0100       MOV              R1, #0x00   ;Colocar o valor 0 
                                                            para não setar funç
                                                            ão alternativa
  139 00000060 482D            LDR              R0, =GPIO_PORTK_AFSEL_R ;Carreg
                                                            a o endereço do AFS
                                                            EL da porta F
  140 00000062 6001            STR              R1, [R0]    ;Escreve na porta
  141 00000064 482D            LDR              R0, =GPIO_PORTM_AFSEL_R ;Carreg
                                                            a o endereço do AFS
                                                            EL da porta J
  142 00000066 6001            STR              R1, [R0]    ;Escreve na porta
  143 00000068 482D            LDR              R0, =GPIO_PORTN_AHB_AFSEL_R ;Ca
                                                            rrega o endereço do
                                                             AFSEL da porta N
  144 0000006A 6001            STR              R1, [R0]    ;Escreve na porta
  145 0000006C         ; 6. Setar os bits de DEN para habilitar I/O digital
  146 0000006C 482D            LDR              R0, =GPIO_PORTK_DEN_R ;Carrega 
                                                            o endereço do DEN
  147 0000006E F04F 0180       MOV              R1, #2_10000000 ;Ativa os pinos
                                                             PK7 como I/O Digit
                                                            al
  148 00000072 6001            STR              R1, [R0]    ;Escreve no registr
                                                            ador da memória fun
                                                            cionalidade digital
                                                             
  149 00000074         
  150 00000074 482C            LDR              R0, =GPIO_PORTN_AHB_DEN_R ;Carr
                                                            ega o endereço do D
                                                            EN
  151 00000076 F04F 0103       MOV              R1, #2_00000011 ;Ativa os pinos
                                                             PN0 e PN1 como I/O
                                                             Digital
  152 0000007A 6001            STR              R1, [R0]    ;Escreve no reg da 
                                                            memória func digita
                                                            l
  153 0000007C         
  154 0000007C 482B            LDR              R0, =GPIO_PORTM_DEN_R ;Carrega 
                                                            o endereço do DEN
  155 0000007E F04F 0101       MOV              R1, #2_00000001 ;Ativa o pino P
                                                            M0 como I/O Digital
                                                                  
  156 00000082 6001            STR              R1, [R0]    ;Escreve no registr
                                                            ador da memória fun
                                                            cionalidade digital
                                                            
  157 00000084         
  158 00000084         ; 7. Para habilitar resistor de pull-up interno, setar P
                       UR para 1
  159 00000084 482A            LDR              R0, =GPIO_PORTM_PUR_R ;Carrega 



ARM Macro Assembler    Page 7 


                                                            o endereço do PUR p
                                                            ara a porta M
  160 00000086 F04F 0101       MOV              R1, #2_00000001 ;Habilitar func
                                                            ionalidade digital 
                                                            de resistor de pull
                                                            -up 
  161 0000008A         ;nos bits 0 e 1
  162 0000008A 6001            STR              R1, [R0]    ;Escreve no registr
                                                            ador da memória do 
                                                            resistor de pull-up
                                                             
  163 0000008C         
  164 0000008C         ; INTERRUPÇÕES
  165 0000008C         ; 8.Desabilitar a interrupção no registrador IM
  166 0000008C 4829            LDR              R0, =GPIO_PORTM_IM_R ;Carrega o
                                                             endereço de IM par
                                                            a a porta M
  167 0000008E F04F 0100       MOV              R1, #2_00   ;Desabilitar interr
                                                            upções
  168 00000092 6001            STR              R1, [R0]    ;Escreve no reg
  169 00000094         ; 9.Configurar o tipo de interrupção por borda no regist
                       rador IS   
  170 00000094 4828            LDR              R0, =GPIO_PORTM_IS_R ;Carrega o
                                                             endereço de IS par
                                                            a a porta M
  171 00000096 F04F 0100       MOV              R1, #2_00   ;Por Borda
  172 0000009A 6001            STR              R1, [R0]    ;Escreve no reg
  173 0000009C         ; 10.Configurar borda única no registrador IBE
  174 0000009C 4827            LDR              R0, =GPIO_PORTM_IBE_R ;Carrega 
                                                            o endereço de IBE p
                                                            ara a porta M
  175 0000009E F04F 0100       MOV              R1, #2_00   ;Borda única
  176 000000A2 6001            STR              R1, [R0]    ;Escreve no reg
  177 000000A4         ; 11.Configurar borda de descida (botão pressionado) no 
                       registrador IEV   
  178 000000A4 4826            LDR              R0, =GPIO_PORTM_IEV_R ;Carrega 
                                                            o endereço de IEV p
                                                            ara a porta M
  179 000000A6 F04F 0100       MOV              R1, #2_00   ;Borda de descida
  180 000000AA 6001            STR              R1, [R0]    ;Escreve no reg
  181 000000AC         ; 12.Habilitar a interrupção no registrador IM
  182 000000AC 4821            LDR              R0, =GPIO_PORTM_IM_R ;Carrega o
                                                             endereço de IM par
                                                            a a porta M
  183 000000AE F04F 0101       MOV              R1, #2_01   ;Habilitar interrup
                                                            ções
  184 000000B2 6001            STR              R1, [R0]    ;Escreve no reg  
  185 000000B4         
  186 000000B4         ; Interrupção número 72
  187 000000B4         ; 13. setar a prioridade no NVIC
  188 000000B4 4823            LDR              R0, =NVIC_PRI18_R
  189 000000B6 F04F 0103       MOV              R1, #3
  190 000000BA EA4F 1141       LSL              R1, R1, #5
  191 000000BE 6001            STR              R1, [R0]
  192 000000C0         ; 14. Habilitar interrupões no NVIC
  193 000000C0 4821            LDR              R0, =NVIC_EN2_R
  194 000000C2 F04F 0101       MOV              R1, #1
  195 000000C6 EA4F 2101       LSL              R1, #8
  196 000000CA 6001            STR              R1, [R0]



ARM Macro Assembler    Page 8 


  197 000000CC         
  198 000000CC         ;retorno            
  199 000000CC 4770            BX               LR
  200 000000CE         
  201 000000CE         ; FUNÇÃO OUTPUT
  202 000000CE         PortN_Output
  203 000000CE 491F            LDR              R1, =GPIO_PORTN_AHB_DATA_R
  204 000000D0 680A            LDR              R2, [R1]
  205 000000D2 F022 0203       BIC              R2, #2_00000011
  206 000000D6 EA40 0002       ORR              R0, R0, R2
  207 000000DA 6008            STR              R0, [R1]
  208 000000DC 4770            BX               LR
  209 000000DE         
  210 000000DE         GPIOPortM_Handler
  211 000000DE 491C            LDR              R1, =GPIO_PORTM_ICR_R
  212 000000E0 F04F 0001       MOV              R0, #2_00000001
  213 000000E4 6008            STR              R0, [R1]
  214 000000E6         
  215 000000E6 F08A 0A01       EOR              R10, R10, #2_1
  216 000000EA         
  217 000000EA 4770            BX               LR
  218 000000EC         
  219 000000EC         
  220 000000EC                 ALIGN                        ; garante que o fim
                                                             da seção está alin
                                                            hada 
  221 000000EC                 END                          ; fim do arquivo
              400FE608 
              400FEA08 
              40061528 
              40063528 
              40064528 
              4006152C 
              4006352C 
              4006452C 
              40061400 
              40064400 
              40063400 
              40061420 
              40063420 
              40064420 
              4006151C 
              4006451C 
              4006351C 
              40063510 
              40063410 
              40063404 
              40063408 
              4006340C 
              E000E448 
              E000E108 
              400643FC 
              4006341C 
Command Line: --debug --xref --diag_suppress=9931 --cpu=Cortex-M4.fp.sp --apcs=
interwork --depend=.\objects\gpio.d -o.\objects\gpio.o -I.\RTE\_Target_1 -IC:\U
sers\User\AppData\Local\Arm\Packs\Keil\TM4C_DFP\1.1.0\Device\Include\TM4C129 -I
C:\Keil_v5\ARM\CMSIS\Include --predefine="__EVAL SETA 1" --predefine="__UVISION
_VERSION SETA 529" --predefine="TM4C1294NCPDT SETA 1" --list=.\listings\gpio.ls
t gpio.s



ARM Macro Assembler    Page 1 Alphabetic symbol ordering
Relocatable symbols

.text 00000000

Symbol: .text
   Definitions
      At line 67 in file gpio.s
   Uses
      None
Comment: .text unused
EsperaGPIO 00000012

Symbol: EsperaGPIO
   Definitions
      At line 101 in file gpio.s
   Uses
      At line 106 in file gpio.s
Comment: EsperaGPIO used once
GPIOPortM_Handler 000000DE

Symbol: GPIOPortM_Handler
   Definitions
      At line 210 in file gpio.s
   Uses
      At line 72 in file gpio.s
Comment: GPIOPortM_Handler used once
GPIO_Init 00000000

Symbol: GPIO_Init
   Definitions
      At line 85 in file gpio.s
   Uses
      At line 70 in file gpio.s
Comment: GPIO_Init used once
PortN_Output 000000CE

Symbol: PortN_Output
   Definitions
      At line 202 in file gpio.s
   Uses
      At line 71 in file gpio.s
Comment: PortN_Output used once
5 symbols



ARM Macro Assembler    Page 1 Alphabetic symbol ordering
Absolute symbols

GPIO_PORTK 00000200

Symbol: GPIO_PORTK
   Definitions
      At line 28 in file gpio.s
   Uses
      At line 95 in file gpio.s
      At line 102 in file gpio.s

GPIO_PORTK_AFSEL_R 40061420

Symbol: GPIO_PORTK_AFSEL_R
   Definitions
      At line 24 in file gpio.s
   Uses
      At line 139 in file gpio.s
Comment: GPIO_PORTK_AFSEL_R used once
GPIO_PORTK_AMSEL_R 40061528

Symbol: GPIO_PORTK_AMSEL_R
   Definitions
      At line 21 in file gpio.s
   Uses
      At line 110 in file gpio.s
Comment: GPIO_PORTK_AMSEL_R used once
GPIO_PORTK_CR_R 40061524

Symbol: GPIO_PORTK_CR_R
   Definitions
      At line 20 in file gpio.s
   Uses
      None
Comment: GPIO_PORTK_CR_R unused
GPIO_PORTK_DATA_R 400613FC

Symbol: GPIO_PORTK_DATA_R
   Definitions
      At line 27 in file gpio.s
   Uses
      None
Comment: GPIO_PORTK_DATA_R unused
GPIO_PORTK_DEN_R 4006151C

Symbol: GPIO_PORTK_DEN_R
   Definitions
      At line 25 in file gpio.s
   Uses
      At line 146 in file gpio.s
Comment: GPIO_PORTK_DEN_R used once
GPIO_PORTK_DIR_R 40061400

Symbol: GPIO_PORTK_DIR_R
   Definitions
      At line 23 in file gpio.s
   Uses
      At line 126 in file gpio.s
Comment: GPIO_PORTK_DIR_R used once
GPIO_PORTK_LOCK_R 40061520




ARM Macro Assembler    Page 2 Alphabetic symbol ordering
Absolute symbols

Symbol: GPIO_PORTK_LOCK_R
   Definitions
      At line 19 in file gpio.s
   Uses
      None
Comment: GPIO_PORTK_LOCK_R unused
GPIO_PORTK_PCTL_R 4006152C

Symbol: GPIO_PORTK_PCTL_R
   Definitions
      At line 22 in file gpio.s
   Uses
      At line 119 in file gpio.s
Comment: GPIO_PORTK_PCTL_R used once
GPIO_PORTK_PUR_R 40061510

Symbol: GPIO_PORTK_PUR_R
   Definitions
      At line 26 in file gpio.s
   Uses
      None
Comment: GPIO_PORTK_PUR_R unused
GPIO_PORTM 00000800

Symbol: GPIO_PORTM
   Definitions
      At line 45 in file gpio.s
   Uses
      At line 96 in file gpio.s
      At line 103 in file gpio.s

GPIO_PORTM_AFSEL_R 40063420

Symbol: GPIO_PORTM_AFSEL_R
   Definitions
      At line 35 in file gpio.s
   Uses
      At line 141 in file gpio.s
Comment: GPIO_PORTM_AFSEL_R used once
GPIO_PORTM_AMSEL_R 40063528

Symbol: GPIO_PORTM_AMSEL_R
   Definitions
      At line 32 in file gpio.s
   Uses
      At line 112 in file gpio.s
Comment: GPIO_PORTM_AMSEL_R used once
GPIO_PORTM_CR_R 40063524

Symbol: GPIO_PORTM_CR_R
   Definitions
      At line 31 in file gpio.s
   Uses
      None
Comment: GPIO_PORTM_CR_R unused
GPIO_PORTM_DATA_R 400633FC

Symbol: GPIO_PORTM_DATA_R
   Definitions



ARM Macro Assembler    Page 3 Alphabetic symbol ordering
Absolute symbols

      At line 38 in file gpio.s
   Uses
      None
Comment: GPIO_PORTM_DATA_R unused
GPIO_PORTM_DEN_R 4006351C

Symbol: GPIO_PORTM_DEN_R
   Definitions
      At line 36 in file gpio.s
   Uses
      At line 154 in file gpio.s
Comment: GPIO_PORTM_DEN_R used once
GPIO_PORTM_DIR_R 40063400

Symbol: GPIO_PORTM_DIR_R
   Definitions
      At line 34 in file gpio.s
   Uses
      At line 133 in file gpio.s
Comment: GPIO_PORTM_DIR_R used once
GPIO_PORTM_IBE_R 40063408

Symbol: GPIO_PORTM_IBE_R
   Definitions
      At line 41 in file gpio.s
   Uses
      At line 174 in file gpio.s
Comment: GPIO_PORTM_IBE_R used once
GPIO_PORTM_ICR_R 4006341C

Symbol: GPIO_PORTM_ICR_R
   Definitions
      At line 44 in file gpio.s
   Uses
      At line 211 in file gpio.s
Comment: GPIO_PORTM_ICR_R used once
GPIO_PORTM_IEV_R 4006340C

Symbol: GPIO_PORTM_IEV_R
   Definitions
      At line 42 in file gpio.s
   Uses
      At line 178 in file gpio.s
Comment: GPIO_PORTM_IEV_R used once
GPIO_PORTM_IM_R 40063410

Symbol: GPIO_PORTM_IM_R
   Definitions
      At line 43 in file gpio.s
   Uses
      At line 166 in file gpio.s
      At line 182 in file gpio.s

GPIO_PORTM_IS_R 40063404

Symbol: GPIO_PORTM_IS_R
   Definitions
      At line 40 in file gpio.s
   Uses



ARM Macro Assembler    Page 4 Alphabetic symbol ordering
Absolute symbols

      At line 170 in file gpio.s
Comment: GPIO_PORTM_IS_R used once
GPIO_PORTM_LOCK_R 40063520

Symbol: GPIO_PORTM_LOCK_R
   Definitions
      At line 30 in file gpio.s
   Uses
      None
Comment: GPIO_PORTM_LOCK_R unused
GPIO_PORTM_PCTL_R 4006352C

Symbol: GPIO_PORTM_PCTL_R
   Definitions
      At line 33 in file gpio.s
   Uses
      At line 121 in file gpio.s
Comment: GPIO_PORTM_PCTL_R used once
GPIO_PORTM_PUR_R 40063510

Symbol: GPIO_PORTM_PUR_R
   Definitions
      At line 37 in file gpio.s
   Uses
      At line 159 in file gpio.s
Comment: GPIO_PORTM_PUR_R used once
GPIO_PORTN 00001000

Symbol: GPIO_PORTN
   Definitions
      At line 56 in file gpio.s
   Uses
      At line 97 in file gpio.s
      At line 104 in file gpio.s

GPIO_PORTN_AHB_AFSEL_R 40064420

Symbol: GPIO_PORTN_AHB_AFSEL_R
   Definitions
      At line 52 in file gpio.s
   Uses
      At line 143 in file gpio.s
Comment: GPIO_PORTN_AHB_AFSEL_R used once
GPIO_PORTN_AHB_AMSEL_R 40064528

Symbol: GPIO_PORTN_AHB_AMSEL_R
   Definitions
      At line 49 in file gpio.s
   Uses
      At line 114 in file gpio.s
Comment: GPIO_PORTN_AHB_AMSEL_R used once
GPIO_PORTN_AHB_CR_R 40064524

Symbol: GPIO_PORTN_AHB_CR_R
   Definitions
      At line 48 in file gpio.s
   Uses
      None
Comment: GPIO_PORTN_AHB_CR_R unused



ARM Macro Assembler    Page 5 Alphabetic symbol ordering
Absolute symbols

GPIO_PORTN_AHB_DATA_R 400643FC

Symbol: GPIO_PORTN_AHB_DATA_R
   Definitions
      At line 55 in file gpio.s
   Uses
      At line 203 in file gpio.s
Comment: GPIO_PORTN_AHB_DATA_R used once
GPIO_PORTN_AHB_DEN_R 4006451C

Symbol: GPIO_PORTN_AHB_DEN_R
   Definitions
      At line 53 in file gpio.s
   Uses
      At line 150 in file gpio.s
Comment: GPIO_PORTN_AHB_DEN_R used once
GPIO_PORTN_AHB_DIR_R 40064400

Symbol: GPIO_PORTN_AHB_DIR_R
   Definitions
      At line 51 in file gpio.s
   Uses
      At line 129 in file gpio.s
Comment: GPIO_PORTN_AHB_DIR_R used once
GPIO_PORTN_AHB_LOCK_R 40064520

Symbol: GPIO_PORTN_AHB_LOCK_R
   Definitions
      At line 47 in file gpio.s
   Uses
      None
Comment: GPIO_PORTN_AHB_LOCK_R unused
GPIO_PORTN_AHB_PCTL_R 4006452C

Symbol: GPIO_PORTN_AHB_PCTL_R
   Definitions
      At line 50 in file gpio.s
   Uses
      At line 123 in file gpio.s
Comment: GPIO_PORTN_AHB_PCTL_R used once
GPIO_PORTN_AHB_PUR_R 40064510

Symbol: GPIO_PORTN_AHB_PUR_R
   Definitions
      At line 54 in file gpio.s
   Uses
      None
Comment: GPIO_PORTN_AHB_PUR_R unused
NVIC_EN2_R E000E108

Symbol: NVIC_EN2_R
   Definitions
      At line 60 in file gpio.s
   Uses
      At line 193 in file gpio.s
Comment: NVIC_EN2_R used once
NVIC_PRI18_R E000E448

Symbol: NVIC_PRI18_R



ARM Macro Assembler    Page 6 Alphabetic symbol ordering
Absolute symbols

   Definitions
      At line 59 in file gpio.s
   Uses
      At line 188 in file gpio.s
Comment: NVIC_PRI18_R used once
SYSCTL_PRGPIO_R 400FEA08

Symbol: SYSCTL_PRGPIO_R
   Definitions
      At line 15 in file gpio.s
   Uses
      At line 100 in file gpio.s
Comment: SYSCTL_PRGPIO_R used once
SYSCTL_RCGCGPIO_R 400FE608

Symbol: SYSCTL_RCGCGPIO_R
   Definitions
      At line 14 in file gpio.s
   Uses
      At line 94 in file gpio.s
Comment: SYSCTL_RCGCGPIO_R used once
39 symbols



ARM Macro Assembler    Page 1 Alphabetic symbol ordering
External symbols

DisableInterrupts 00000000

Symbol: DisableInterrupts
   Definitions
      At line 74 in file gpio.s
   Uses
      None
Comment: DisableInterrupts unused
EnableInterrupts 00000000

Symbol: EnableInterrupts
   Definitions
      At line 73 in file gpio.s
   Uses
      None
Comment: EnableInterrupts unused
SysTick_Wait1ms 00000000

Symbol: SysTick_Wait1ms
   Definitions
      At line 75 in file gpio.s
   Uses
      None
Comment: SysTick_Wait1ms unused
3 symbols
383 symbols in table
