


ARM Macro Assembler    Page 1 


    1 00000000         ; gpio.s
    2 00000000         ; Desenvolvido para a placa EK-TM4C1294XL
    3 00000000         ; Prof. Guilherme Peron
    4 00000000         ; Ver 1 19/03/2018
    5 00000000         ; Ver 2 26/08/2018
    6 00000000         
    7 00000000         ; ------------------------------------------------------
                       -------------------------
    8 00000000                 THUMB                        ; Instruções do tip
                                                            o Thumb-2
    9 00000000         ; ------------------------------------------------------
                       -------------------------
   10 00000000         ; Declarações EQU - Defines
   11 00000000         ; ========================
   12 00000000         ; ========================
   13 00000000         ; Definições dos Registradores Gerais
   14 00000000 400FE608 
                       SYSCTL_RCGCGPIO_R
                               EQU              0x400FE608
   15 00000000 400FEA08 
                       SYSCTL_PRGPIO_R
                               EQU              0x400FEA08
   16 00000000         ; ========================
   17 00000000         ; Definições dos Ports
   18 00000000         ; PORT J
   19 00000000 40060520 
                       GPIO_PORTJ_AHB_LOCK_R
                               EQU              0x40060520
   20 00000000 40060524 
                       GPIO_PORTJ_AHB_CR_R
                               EQU              0x40060524
   21 00000000 40060528 
                       GPIO_PORTJ_AHB_AMSEL_R
                               EQU              0x40060528
   22 00000000 4006052C 
                       GPIO_PORTJ_AHB_PCTL_R
                               EQU              0x4006052C
   23 00000000 40060400 
                       GPIO_PORTJ_AHB_DIR_R
                               EQU              0x40060400
   24 00000000 40060420 
                       GPIO_PORTJ_AHB_AFSEL_R
                               EQU              0x40060420
   25 00000000 4006051C 
                       GPIO_PORTJ_AHB_DEN_R
                               EQU              0x4006051C
   26 00000000 40060510 
                       GPIO_PORTJ_AHB_PUR_R
                               EQU              0x40060510
   27 00000000 400603FC 
                       GPIO_PORTJ_AHB_DATA_R
                               EQU              0x400603FC
   28 00000000         
   29 00000000 40060410 
                       GPIO_PORTJ_AHB_IM_R
                               EQU              0x40060410
   30 00000000 40060404 
                       GPIO_PORTJ_AHB_IS_R
                               EQU              0x40060404



ARM Macro Assembler    Page 2 


   31 00000000 40060408 
                       GPIO_PORTJ_AHB_IBE_R
                               EQU              0x40060408
   32 00000000 4006040C 
                       GPIO_PORTJ_AHB_IEV_R
                               EQU              0x4006040C
   33 00000000 4006041C 
                       GPIO_PORTJ_AHB_ICR_R
                               EQU              0x4006041C
   34 00000000 40060414 
                       GPIO_PORTJ_AHB_RIS_R
                               EQU              0x40060414
   35 00000000 00000100 
                       GPIO_PORTJ
                               EQU              2_000000100000000
   36 00000000         ; PORT N
   37 00000000 40064520 
                       GPIO_PORTN_AHB_LOCK_R
                               EQU              0x40064520
   38 00000000 40064524 
                       GPIO_PORTN_AHB_CR_R
                               EQU              0x40064524
   39 00000000 40064528 
                       GPIO_PORTN_AHB_AMSEL_R
                               EQU              0x40064528
   40 00000000 4006452C 
                       GPIO_PORTN_AHB_PCTL_R
                               EQU              0x4006452C
   41 00000000 40064400 
                       GPIO_PORTN_AHB_DIR_R
                               EQU              0x40064400
   42 00000000 40064420 
                       GPIO_PORTN_AHB_AFSEL_R
                               EQU              0x40064420
   43 00000000 4006451C 
                       GPIO_PORTN_AHB_DEN_R
                               EQU              0x4006451C
   44 00000000 40064510 
                       GPIO_PORTN_AHB_PUR_R
                               EQU              0x40064510
   45 00000000 400643FC 
                       GPIO_PORTN_AHB_DATA_R
                               EQU              0x400643FC
   46 00000000 00001000 
                       GPIO_PORTN
                               EQU              2_001000000000000
   47 00000000         ; NVIC
   48 00000000 E000E430 
                       NVIC_PRI12_R
                               EQU              0xE000E430
   49 00000000 E000E104 
                       NVIC_EN1_R
                               EQU              0xE000E104
   50 00000000         
   51 00000000         ; ------------------------------------------------------
                       -------------------------
   52 00000000         ; Área de Código - Tudo abaixo da diretiva a seguir será
                        armazenado na memória de 
   53 00000000         ;                  código



ARM Macro Assembler    Page 3 


   54 00000000                 AREA             |.text|, CODE, READONLY, ALIGN=
2
   55 00000000         
   56 00000000         ; Se alguma função do arquivo for chamada em outro arqui
                       vo 
   57 00000000                 EXPORT           GPIO_Init   ; Permite chamar GP
                                                            IO_Init de outro ar
                                                            quivo
   58 00000000                 EXPORT           PortN_Output
   59 00000000                 EXPORT           GPIOPortJ_Handler
   60 00000000                 IMPORT           EnableInterrupts
   61 00000000                 IMPORT           DisableInterrupts
   62 00000000                 IMPORT           SysTick_Wait1ms
   63 00000000         ; ****************************************
   64 00000000         ; Exportar as funções usadas em outros arquivos
   65 00000000         ; ****************************************
   66 00000000         
   67 00000000         
   68 00000000         ;-------------------------------------------------------
                       -------------------------
   69 00000000         ; Função GPIO_Init
   70 00000000         ; Parâmetro de entrada: Não tem
   71 00000000         ; Parâmetro de saída: Não tem
   72 00000000         GPIO_Init
   73 00000000         ;=====================
   74 00000000         ; ****************************************
   75 00000000         ; Escrever função de inicialização dos GPIO
   76 00000000         ; Inicializar todas as portas utilizadas.
   77 00000000         ; ****************************************
   78 00000000         ; 1. Ativar o clock para a porta setando o bit correspon
                       dente no registrador RCGCGPIO,
   79 00000000         ; após isso verificar no PRGPIO se a porta está pronta p
                       ara uso.
   80 00000000         ; enable clock to GPIOF at clock gating register
   81 00000000 4835            LDR              R0, =SYSCTL_RCGCGPIO_R ;Carrega
                                                             o endereço do regi
                                                            strador RCGCGPIO
   82 00000002 F441 7180       ORR              R1, #GPIO_PORTJ ;Seta o bit da 
                                                            porta J, fazendo co
                                                            m OR
   83 00000006 F441 5180       ORR              R1, #GPIO_PORTN ;Seta o bit da 
                                                            porta N, fazendo co
                                                            m OR
   84 0000000A 6001            STR              R1, [R0]    ;Move para a memóri
                                                            a os bits das porta
                                                            s no endereço do RC
                                                            GCGPIO
   85 0000000C         
   86 0000000C 4833            LDR              R0, =SYSCTL_PRGPIO_R ;Carrega o
                                                             endereço do PRGPIO
                                                             para esperar os GP
                                                            IO ficarem prontos
   87 0000000E 6801    EsperaGPIO
                               LDR              R1, [R0]    ;Lê da memória o co
                                                            nteúdo do endereço 
                                                            do registrador
   88 00000010 F44F 7280       MOV              R2, #GPIO_PORTJ ;Seta o bit da 
                                                            porta J para poder 
                                                            fazer a comparação



ARM Macro Assembler    Page 4 


   89 00000014 F441 5180       ORR              R1, #GPIO_PORTN ;Seta o bit da 
                                                            porta N, fazendo co
                                                            m OR   
   90 00000018 4211            TST              R1, R2      ;ANDS de R1 com R2
   91 0000001A D0F8            BEQ              EsperaGPIO  ;Se o flag Z=1, vol
                                                            ta para o laço. Sen
                                                            ão continua executa
                                                            ndo
   92 0000001C         
   93 0000001C         ; 2. Limpar o AMSEL para desabilitar a analógica
   94 0000001C F04F 0100       MOV              R1, #0x00   ;Colocar 0 no regis
                                                            trador para desabil
                                                            itar a função analó
                                                            gica
   95 00000020 482F            LDR              R0, =GPIO_PORTJ_AHB_AMSEL_R ;Ca
                                                            rrega o R0 com o en
                                                            dereço do AMSEL par
                                                            a a porta J
   96 00000022 6001            STR              R1, [R0]    ;Guarda no registra
                                                            dor AMSEL da porta 
                                                            J da memória
   97 00000024 482F            LDR              R0, =GPIO_PORTN_AHB_AMSEL_R ;Ca
                                                            rrega o R0 com o en
                                                            dereço do AMSEL par
                                                            a a porta N
   98 00000026 6001            STR              R1, [R0]    ;Guarda no registra
                                                            dor AMSEL da porta 
                                                            N da memória
   99 00000028         
  100 00000028         ; 3. Limpar PCTL para selecionar o GPIO
  101 00000028 F04F 0100       MOV              R1, #0x00   ;Colocar 0 no regis
                                                            trador para selecio
                                                            nar o modo GPIO
  102 0000002C 482E            LDR              R0, =GPIO_PORTJ_AHB_PCTL_R ;Car
                                                            rega o R0 com o end
                                                            ereço do PCTL para 
                                                            a porta J
  103 0000002E 6001            STR              R1, [R0]    ;Guarda no registra
                                                            dor PCTL da porta J
                                                             da memória
  104 00000030 482E            LDR              R0, =GPIO_PORTN_AHB_PCTL_R ;Car
                                                            rega o R0 com o end
                                                            ereço do PCTL para 
                                                            a porta N
  105 00000032 6001            STR              R1, [R0]    ;Guarda no registra
                                                            dor PCTL da porta N
                                                             da memória
  106 00000034         ; 4. DIR para 0 se for entrada, 1 se for saída
  107 00000034 482E            LDR              R0, =GPIO_PORTN_AHB_DIR_R ;Carr
                                                            ega o R0 com o ende
                                                            reço do DIR para a 
                                                            porta N
  108 00000036 F04F 0101       MOV              R1, #2_00000001 ;PN0 para LED
  109 0000003A 6001            STR              R1, [R0]    ;Guarda no reg
  110 0000003C         ; O certo era verificar os outros bits da PF para não tr
                       ansformar entradas em saídas desnecessárias
  111 0000003C 482D            LDR              R0, =GPIO_PORTJ_AHB_DIR_R ;Carr
                                                            ega o R0 com o ende
                                                            reço do DIR para a 



ARM Macro Assembler    Page 5 


                                                            porta J
  112 0000003E F04F 0100       MOV              R1, #0x00   ;Colocar 0 no regis
                                                            trador DIR para fun
                                                            cionar com saída
  113 00000042 6001            STR              R1, [R0]    ;Guarda no registra
                                                            dor PCTL da porta J
                                                             da memória
  114 00000044         ; 5. Limpar os bits AFSEL para 0 para selecionar GPIO 
  115 00000044         ;    Sem função alternativa
  116 00000044 F04F 0100       MOV              R1, #0x00   ;Colocar o valor 0 
                                                            para não setar funç
                                                            ão alternativa
  117 00000048 482B            LDR              R0, =GPIO_PORTJ_AHB_AFSEL_R ;Ca
                                                            rrega o endereço do
                                                             AFSEL da porta J
  118 0000004A 6001            STR              R1, [R0]    ;Escreve na porta
  119 0000004C 482B            LDR              R0, =GPIO_PORTN_AHB_AFSEL_R ;Ca
                                                            rrega o endereço do
                                                             AFSEL da porta N
  120 0000004E 6001            STR              R1, [R0]    ;Escreve na porta
  121 00000050         ; 6. Setar os bits de DEN para habilitar I/O digital
  122 00000050         
  123 00000050 482B            LDR              R0, =GPIO_PORTN_AHB_DEN_R ;Carr
                                                            ega o endereço do D
                                                            EN
  124 00000052 F04F 0101       MOV              R1, #2_00000001 ;Ativa os pinos
                                                             PN0 como I/O Digit
                                                            al
  125 00000056 6001            STR              R1, [R0]    ;Escreve no reg da 
                                                            memória func digita
                                                            l
  126 00000058         
  127 00000058 482A            LDR              R0, =GPIO_PORTJ_AHB_DEN_R ;Carr
                                                            ega o endereço do D
                                                            EN
  128 0000005A F04F 0103       MOV              R1, #2_00000011 ;Ativa os pinos
                                                             PJ0 e PJ1 como I/O
                                                             Digital      
  129 0000005E 6001            STR              R1, [R0]    ;Escreve no registr
                                                            ador da memória fun
                                                            cionalidade digital
                                                            
  130 00000060         
  131 00000060         ; 7. Para habilitar resistor de pull-up interno, setar P
                       UR para 1
  132 00000060 4829            LDR              R0, =GPIO_PORTJ_AHB_PUR_R ;Carr
                                                            ega o endereço do P
                                                            UR para a porta J
  133 00000062 F04F 0103       MOV              R1, #2_00000011 ;Habilitar func
                                                            ionalidade digital 
                                                            de resistor de pull
                                                            -up 
  134 00000066         ;nos bits 0 e 1
  135 00000066 6001            STR              R1, [R0]
  136 00000068         ; Interrupções
  137 00000068         ; 8. Desabilitar a interrupção no reg GPIOIM.
  138 00000068 4828            LDR              R0, =GPIO_PORTJ_AHB_IM_R
  139 0000006A F04F 0100       MOV              R1, #2_00
  140 0000006E 6001            STR              R1, [R0]



ARM Macro Assembler    Page 6 


  141 00000070         ; 9. Como vamos capturar interrupções durante pressionam
                       ento ou liberação das chaves, configurar como borda
  142 00000070 4827            LDR              R0, =GPIO_PORTJ_AHB_IS_R
  143 00000072 F04F 0100       MOV              R1, #2_00
  144 00000076 6001            STR              R1, [R0]
  145 00000078         ; 10. Configurar borda única em ambos os pinos
  146 00000078 4826            LDR              R0, =GPIO_PORTJ_AHB_IBE_R
  147 0000007A F04F 0100       MOV              R1, #2_00
  148 0000007E 6001            STR              R1, [R0]
  149 00000080         ; 11. Borda de descida para J0 e borda de subida para J1
                       
  150 00000080 4825            LDR              R0, =GPIO_PORTJ_AHB_IEV_R
  151 00000082 F04F 0102       MOV              R1, #2_10
  152 00000086 6001            STR              R1, [R0]
  153 00000088         ; 12. Garantir que a interrupção será atendida, fazer AC
                       K para ambos os pinos
  154 00000088 4824            LDR              R0, =GPIO_PORTJ_AHB_ICR_R
  155 0000008A F04F 0103       MOV              R1, #2_11
  156 0000008E 6001            STR              R1, [R0]
  157 00000090         ; 13. Ativar as interrupções em ambos os pinos
  158 00000090 481E            LDR              R0, =GPIO_PORTJ_AHB_IM_R
  159 00000092 6001            STR              R1, [R0]
  160 00000094         
  161 00000094         ;Interrupção número 51
  162 00000094         ; 14. Setar a prioridade no NVIC
  163 00000094 4822            LDR              R0, =NVIC_PRI12_R
  164 00000096 F04F 0105       MOV              R1, #5
  165 0000009A EA4F 7141       LSL              R1, R1, #29
  166 0000009E 6001            STR              R1, [R0]
  167 000000A0         ; 15. Habilitar interrupções no NVIC
  168 000000A0 4820            LDR              R0, =NVIC_EN1_R
  169 000000A2 F04F 0101       MOV              R1, #1
  170 000000A6 EA4F 41C1       LSL              R1,R1,#19
  171 000000AA 6001            STR              R1, [R0]
  172 000000AC 4770            BX               LR
  173 000000AE         
  174 000000AE         ; FUNÇÃO OUTPUT
  175 000000AE         PortN_Output
  176 000000AE 491E            LDR              R1, =GPIO_PORTN_AHB_DATA_R
  177 000000B0 680A            LDR              R2, [R1]
  178 000000B2 F022 0201       BIC              R2, #2_00000001
  179 000000B6 EA40 0002       ORR              R0, R0, R2
  180 000000BA 6008            STR              R0, [R1]
  181 000000BC 4770            BX               LR
  182 000000BE         
  183 000000BE         
  184 000000BE         ; HANDLER DA PORTA J
  185 000000BE         GPIOPortJ_Handler
  186 000000BE 481B            LDR              R0, =GPIO_PORTJ_AHB_RIS_R
  187 000000C0 6802            LDR              R2, [R0]
  188 000000C2 4816            LDR              R0, =GPIO_PORTJ_AHB_ICR_R
  189 000000C4 F04F 0103       MOV              R1, #2_11   ;ACK
  190 000000C8 6001            STR              R1, [R0]
  191 000000CA         
  192 000000CA 2A01            CMP              R2, #2_01   ;COMPARA BIT, SE 01
                                                             FOI O BIT0, SE FOR
                                                             O 10 FOI O BIT1
  193 000000CC BF0C            ITE              EQ
  194 000000CE F04F 0A01       MOVEQ            R10, #1



ARM Macro Assembler    Page 7 


  195 000000D2 F04F 0A00       MOVNE            R10, #0
  196 000000D6 4770            BX               LR
  197 000000D8         
  198 000000D8         
  199 000000D8                 ALIGN                        ; garante que o fim
                                                             da seção está alin
                                                            hada 
  200 000000D8                 END                          ; fim do arquivo
              400FE608 
              400FEA08 
              40060528 
              40064528 
              4006052C 
              4006452C 
              40064400 
              40060400 
              40060420 
              40064420 
              4006451C 
              4006051C 
              40060510 
              40060410 
              40060404 
              40060408 
              4006040C 
              4006041C 
              E000E430 
              E000E104 
              400643FC 
              40060414 
Command Line: --debug --xref --diag_suppress=9931 --cpu=Cortex-M4.fp.sp --apcs=
interwork --depend=.\objects\gpio.d -o.\objects\gpio.o -I.\RTE\_Target_1 -IC:\U
sers\User\AppData\Local\Arm\Packs\Keil\TM4C_DFP\1.1.0\Device\Include\TM4C129 -I
C:\Keil_v5\ARM\CMSIS\Include --predefine="__EVAL SETA 1" --predefine="__UVISION
_VERSION SETA 529" --predefine="TM4C1294NCPDT SETA 1" --list=.\listings\gpio.ls
t gpio.s



ARM Macro Assembler    Page 1 Alphabetic symbol ordering
Relocatable symbols

.text 00000000

Symbol: .text
   Definitions
      At line 54 in file gpio.s
   Uses
      None
Comment: .text unused
EsperaGPIO 0000000E

Symbol: EsperaGPIO
   Definitions
      At line 87 in file gpio.s
   Uses
      At line 91 in file gpio.s
Comment: EsperaGPIO used once
GPIOPortJ_Handler 000000BE

Symbol: GPIOPortJ_Handler
   Definitions
      At line 185 in file gpio.s
   Uses
      At line 59 in file gpio.s
Comment: GPIOPortJ_Handler used once
GPIO_Init 00000000

Symbol: GPIO_Init
   Definitions
      At line 72 in file gpio.s
   Uses
      At line 57 in file gpio.s
Comment: GPIO_Init used once
PortN_Output 000000AE

Symbol: PortN_Output
   Definitions
      At line 175 in file gpio.s
   Uses
      At line 58 in file gpio.s
Comment: PortN_Output used once
5 symbols



ARM Macro Assembler    Page 1 Alphabetic symbol ordering
Absolute symbols

GPIO_PORTJ 00000100

Symbol: GPIO_PORTJ
   Definitions
      At line 35 in file gpio.s
   Uses
      At line 82 in file gpio.s
      At line 88 in file gpio.s

GPIO_PORTJ_AHB_AFSEL_R 40060420

Symbol: GPIO_PORTJ_AHB_AFSEL_R
   Definitions
      At line 24 in file gpio.s
   Uses
      At line 117 in file gpio.s
Comment: GPIO_PORTJ_AHB_AFSEL_R used once
GPIO_PORTJ_AHB_AMSEL_R 40060528

Symbol: GPIO_PORTJ_AHB_AMSEL_R
   Definitions
      At line 21 in file gpio.s
   Uses
      At line 95 in file gpio.s
Comment: GPIO_PORTJ_AHB_AMSEL_R used once
GPIO_PORTJ_AHB_CR_R 40060524

Symbol: GPIO_PORTJ_AHB_CR_R
   Definitions
      At line 20 in file gpio.s
   Uses
      None
Comment: GPIO_PORTJ_AHB_CR_R unused
GPIO_PORTJ_AHB_DATA_R 400603FC

Symbol: GPIO_PORTJ_AHB_DATA_R
   Definitions
      At line 27 in file gpio.s
   Uses
      None
Comment: GPIO_PORTJ_AHB_DATA_R unused
GPIO_PORTJ_AHB_DEN_R 4006051C

Symbol: GPIO_PORTJ_AHB_DEN_R
   Definitions
      At line 25 in file gpio.s
   Uses
      At line 127 in file gpio.s
Comment: GPIO_PORTJ_AHB_DEN_R used once
GPIO_PORTJ_AHB_DIR_R 40060400

Symbol: GPIO_PORTJ_AHB_DIR_R
   Definitions
      At line 23 in file gpio.s
   Uses
      At line 111 in file gpio.s
Comment: GPIO_PORTJ_AHB_DIR_R used once
GPIO_PORTJ_AHB_IBE_R 40060408




ARM Macro Assembler    Page 2 Alphabetic symbol ordering
Absolute symbols

Symbol: GPIO_PORTJ_AHB_IBE_R
   Definitions
      At line 31 in file gpio.s
   Uses
      At line 146 in file gpio.s
Comment: GPIO_PORTJ_AHB_IBE_R used once
GPIO_PORTJ_AHB_ICR_R 4006041C

Symbol: GPIO_PORTJ_AHB_ICR_R
   Definitions
      At line 33 in file gpio.s
   Uses
      At line 154 in file gpio.s
      At line 188 in file gpio.s

GPIO_PORTJ_AHB_IEV_R 4006040C

Symbol: GPIO_PORTJ_AHB_IEV_R
   Definitions
      At line 32 in file gpio.s
   Uses
      At line 150 in file gpio.s
Comment: GPIO_PORTJ_AHB_IEV_R used once
GPIO_PORTJ_AHB_IM_R 40060410

Symbol: GPIO_PORTJ_AHB_IM_R
   Definitions
      At line 29 in file gpio.s
   Uses
      At line 138 in file gpio.s
      At line 158 in file gpio.s

GPIO_PORTJ_AHB_IS_R 40060404

Symbol: GPIO_PORTJ_AHB_IS_R
   Definitions
      At line 30 in file gpio.s
   Uses
      At line 142 in file gpio.s
Comment: GPIO_PORTJ_AHB_IS_R used once
GPIO_PORTJ_AHB_LOCK_R 40060520

Symbol: GPIO_PORTJ_AHB_LOCK_R
   Definitions
      At line 19 in file gpio.s
   Uses
      None
Comment: GPIO_PORTJ_AHB_LOCK_R unused
GPIO_PORTJ_AHB_PCTL_R 4006052C

Symbol: GPIO_PORTJ_AHB_PCTL_R
   Definitions
      At line 22 in file gpio.s
   Uses
      At line 102 in file gpio.s
Comment: GPIO_PORTJ_AHB_PCTL_R used once
GPIO_PORTJ_AHB_PUR_R 40060510

Symbol: GPIO_PORTJ_AHB_PUR_R



ARM Macro Assembler    Page 3 Alphabetic symbol ordering
Absolute symbols

   Definitions
      At line 26 in file gpio.s
   Uses
      At line 132 in file gpio.s
Comment: GPIO_PORTJ_AHB_PUR_R used once
GPIO_PORTJ_AHB_RIS_R 40060414

Symbol: GPIO_PORTJ_AHB_RIS_R
   Definitions
      At line 34 in file gpio.s
   Uses
      At line 186 in file gpio.s
Comment: GPIO_PORTJ_AHB_RIS_R used once
GPIO_PORTN 00001000

Symbol: GPIO_PORTN
   Definitions
      At line 46 in file gpio.s
   Uses
      At line 83 in file gpio.s
      At line 89 in file gpio.s

GPIO_PORTN_AHB_AFSEL_R 40064420

Symbol: GPIO_PORTN_AHB_AFSEL_R
   Definitions
      At line 42 in file gpio.s
   Uses
      At line 119 in file gpio.s
Comment: GPIO_PORTN_AHB_AFSEL_R used once
GPIO_PORTN_AHB_AMSEL_R 40064528

Symbol: GPIO_PORTN_AHB_AMSEL_R
   Definitions
      At line 39 in file gpio.s
   Uses
      At line 97 in file gpio.s
Comment: GPIO_PORTN_AHB_AMSEL_R used once
GPIO_PORTN_AHB_CR_R 40064524

Symbol: GPIO_PORTN_AHB_CR_R
   Definitions
      At line 38 in file gpio.s
   Uses
      None
Comment: GPIO_PORTN_AHB_CR_R unused
GPIO_PORTN_AHB_DATA_R 400643FC

Symbol: GPIO_PORTN_AHB_DATA_R
   Definitions
      At line 45 in file gpio.s
   Uses
      At line 176 in file gpio.s
Comment: GPIO_PORTN_AHB_DATA_R used once
GPIO_PORTN_AHB_DEN_R 4006451C

Symbol: GPIO_PORTN_AHB_DEN_R
   Definitions
      At line 43 in file gpio.s



ARM Macro Assembler    Page 4 Alphabetic symbol ordering
Absolute symbols

   Uses
      At line 123 in file gpio.s
Comment: GPIO_PORTN_AHB_DEN_R used once
GPIO_PORTN_AHB_DIR_R 40064400

Symbol: GPIO_PORTN_AHB_DIR_R
   Definitions
      At line 41 in file gpio.s
   Uses
      At line 107 in file gpio.s
Comment: GPIO_PORTN_AHB_DIR_R used once
GPIO_PORTN_AHB_LOCK_R 40064520

Symbol: GPIO_PORTN_AHB_LOCK_R
   Definitions
      At line 37 in file gpio.s
   Uses
      None
Comment: GPIO_PORTN_AHB_LOCK_R unused
GPIO_PORTN_AHB_PCTL_R 4006452C

Symbol: GPIO_PORTN_AHB_PCTL_R
   Definitions
      At line 40 in file gpio.s
   Uses
      At line 104 in file gpio.s
Comment: GPIO_PORTN_AHB_PCTL_R used once
GPIO_PORTN_AHB_PUR_R 40064510

Symbol: GPIO_PORTN_AHB_PUR_R
   Definitions
      At line 44 in file gpio.s
   Uses
      None
Comment: GPIO_PORTN_AHB_PUR_R unused
NVIC_EN1_R E000E104

Symbol: NVIC_EN1_R
   Definitions
      At line 49 in file gpio.s
   Uses
      At line 168 in file gpio.s
Comment: NVIC_EN1_R used once
NVIC_PRI12_R E000E430

Symbol: NVIC_PRI12_R
   Definitions
      At line 48 in file gpio.s
   Uses
      At line 163 in file gpio.s
Comment: NVIC_PRI12_R used once
SYSCTL_PRGPIO_R 400FEA08

Symbol: SYSCTL_PRGPIO_R
   Definitions
      At line 15 in file gpio.s
   Uses
      At line 86 in file gpio.s
Comment: SYSCTL_PRGPIO_R used once



ARM Macro Assembler    Page 5 Alphabetic symbol ordering
Absolute symbols

SYSCTL_RCGCGPIO_R 400FE608

Symbol: SYSCTL_RCGCGPIO_R
   Definitions
      At line 14 in file gpio.s
   Uses
      At line 81 in file gpio.s
Comment: SYSCTL_RCGCGPIO_R used once
30 symbols



ARM Macro Assembler    Page 1 Alphabetic symbol ordering
External symbols

DisableInterrupts 00000000

Symbol: DisableInterrupts
   Definitions
      At line 61 in file gpio.s
   Uses
      None
Comment: DisableInterrupts unused
EnableInterrupts 00000000

Symbol: EnableInterrupts
   Definitions
      At line 60 in file gpio.s
   Uses
      None
Comment: EnableInterrupts unused
SysTick_Wait1ms 00000000

Symbol: SysTick_Wait1ms
   Definitions
      At line 62 in file gpio.s
   Uses
      None
Comment: SysTick_Wait1ms unused
3 symbols
374 symbols in table
