


ARM Macro Assembler    Page 1 


    1 00000000         ; gpio.s
    2 00000000         ; Desenvolvido para a placa EK-TM4C1294XL
    3 00000000         ; Prof. Guilherme Peron
    4 00000000         ; 19/03/2018
    5 00000000         
    6 00000000         ; ------------------------------------------------------
                       -------------------------
    7 00000000                 THUMB                        ; Instruções do tip
                                                            o Thumb-2
    8 00000000         ; ------------------------------------------------------
                       -------------------------
    9 00000000         ; Declarações EQU - Defines
   10 00000000         ; ========================
   11 00000000         ; Definições dos Registradores Gerais
   12 00000000 400FE608 
                       SYSCTL_RCGCGPIO_R
                               EQU              0x400FE608
   13 00000000 400FEA08 
                       SYSCTL_PRGPIO_R
                               EQU              0x400FEA08
   14 00000000         ; ========================
   15 00000000         ; Definições dos Ports
   16 00000000         ; PORT J
   17 00000000 40060520 
                       GPIO_PORTJ_AHB_LOCK_R
                               EQU              0x40060520
   18 00000000 40060524 
                       GPIO_PORTJ_AHB_CR_R
                               EQU              0x40060524
   19 00000000 40060528 
                       GPIO_PORTJ_AHB_AMSEL_R
                               EQU              0x40060528
   20 00000000 4006052C 
                       GPIO_PORTJ_AHB_PCTL_R
                               EQU              0x4006052C
   21 00000000 40060400 
                       GPIO_PORTJ_AHB_DIR_R
                               EQU              0x40060400
   22 00000000 40060420 
                       GPIO_PORTJ_AHB_AFSEL_R
                               EQU              0x40060420
   23 00000000 4006051C 
                       GPIO_PORTJ_AHB_DEN_R
                               EQU              0x4006051C
   24 00000000 40060510 
                       GPIO_PORTJ_AHB_PUR_R
                               EQU              0x40060510
   25 00000000 400603FC 
                       GPIO_PORTJ_AHB_DATA_R
                               EQU              0x400603FC
   26 00000000 00000100 
                       GPIO_PORTJ
                               EQU              2_000000100000000
   27 00000000         ; PORT F
   28 00000000 4005D520 
                       GPIO_PORTF_AHB_LOCK_R
                               EQU              0x4005D520
   29 00000000 4005D524 
                       GPIO_PORTF_AHB_CR_R



ARM Macro Assembler    Page 2 


                               EQU              0x4005D524
   30 00000000 4005D528 
                       GPIO_PORTF_AHB_AMSEL_R
                               EQU              0x4005D528
   31 00000000 4005D52C 
                       GPIO_PORTF_AHB_PCTL_R
                               EQU              0x4005D52C
   32 00000000 4005D400 
                       GPIO_PORTF_AHB_DIR_R
                               EQU              0x4005D400
   33 00000000 4005D420 
                       GPIO_PORTF_AHB_AFSEL_R
                               EQU              0x4005D420
   34 00000000 4005D51C 
                       GPIO_PORTF_AHB_DEN_R
                               EQU              0x4005D51C
   35 00000000 4005D510 
                       GPIO_PORTF_AHB_PUR_R
                               EQU              0x4005D510
   36 00000000 4005D3FC 
                       GPIO_PORTF_AHB_DATA_R
                               EQU              0x4005D3FC
   37 00000000 00000020 
                       GPIO_PORTF
                               EQU              2_000000000100000
   38 00000000         ; PORT N
   39 00000000 40064520 
                       GPIO_PORTN_AHB_LOCK_R
                               EQU              0x40064520
   40 00000000 40064524 
                       GPIO_PORTN_AHB_CR_R
                               EQU              0x40064524
   41 00000000 40064528 
                       GPIO_PORTN_AHB_AMSEL_R
                               EQU              0x40064528
   42 00000000 4006452C 
                       GPIO_PORTN_AHB_PCTL_R
                               EQU              0x4006452C
   43 00000000 40064400 
                       GPIO_PORTN_AHB_DIR_R
                               EQU              0x40064400
   44 00000000 40064420 
                       GPIO_PORTN_AHB_AFSEL_R
                               EQU              0x40064420
   45 00000000 4006451C 
                       GPIO_PORTN_AHB_DEN_R
                               EQU              0x4006451C
   46 00000000 40064510 
                       GPIO_PORTN_AHB_PUR_R
                               EQU              0x40064510
   47 00000000 400643FC 
                       GPIO_PORTN_AHB_DATA_R
                               EQU              0x400643FC
   48 00000000 00001000 
                       GPIO_PORTN
                               EQU              2_001000000000000
   49 00000000         
   50 00000000         
   51 00000000         ; ------------------------------------------------------



ARM Macro Assembler    Page 3 


                       -------------------------
   52 00000000         ; Área de Código - Tudo abaixo da diretiva a seguir será
                        armazenado na memória de 
   53 00000000         ;                  código
   54 00000000                 AREA             |.text|, CODE, READONLY, ALIGN=
2
   55 00000000         
   56 00000000         ; Se alguma função do arquivo for chamada em outro arqui
                       vo 
   57 00000000                 EXPORT           GPIO_Init   ; Permite chamar GP
                                                            IO_Init de outro ar
                                                            quivo
   58 00000000                 EXPORT           PortF_Output ; Permite chamar P
                                                            ortJ_Output de outr
                                                            o arquivo
   59 00000000                 EXPORT           PortN_Output ; Permite chamar P
                                                            ortN_Output de outr
                                                            o arquivo
   60 00000000                 EXPORT           PortJ_Input ; Permite chamar Po
                                                            rtJ_Input de outro 
                                                            arquivo
   61 00000000         
   62 00000000         
   63 00000000         
   64 00000000         ;-------------------------------------------------------
                       -------------------------
   65 00000000         ; Função GPIO_Init
   66 00000000         ; Parâmetro de entrada: Não tem
   67 00000000         ; Parâmetro de saída: Não tem
   68 00000000         GPIO_Init
   69 00000000         ;=====================
   70 00000000         ; 1. Ativar o clock para a porta setando o bit correspon
                       dente no registrador RCGCGPIO,
   71 00000000         ; após isso verificar no PRGPIO se a porta está pronta p
                       ara uso.
   72 00000000         ; enable clock to GPIOF at clock gating register
   73 00000000 482C            LDR              R0, =SYSCTL_RCGCGPIO_R ;Carrega
                                                             o endereço do regi
                                                            strador RCGCGPIO
   74 00000002 F04F 0120       MOV              R1, #GPIO_PORTF ;Seta o bit da 
                                                            porta F
   75 00000006 F441 7180       ORR              R1, #GPIO_PORTJ ;Seta o bit da 
                                                            porta J, fazendo co
                                                            m OR
   76 0000000A F441 5180       ORR              R1, #GPIO_PORTN ;Seta o bit da 
                                                            porta N, fazendo co
                                                            m OR
   77 0000000E 6001            STR              R1, [R0]    ;Move para a memóri
                                                            a os bits das porta
                                                            s no endereço do RC
                                                            GCGPIO
   78 00000010         
   79 00000010 4829            LDR              R0, =SYSCTL_PRGPIO_R ;Carrega o
                                                             endereço do PRGPIO
                                                             para esperar os GP
                                                            IO ficarem prontos
   80 00000012 6801    EsperaGPIO
                               LDR              R1, [R0]    ;Lê da memória o co
                                                            nteúdo do endereço 



ARM Macro Assembler    Page 4 


                                                            do registrador
   81 00000014 F04F 0220       MOV              R2, #GPIO_PORTF ;Seta os bits c
                                                            orrespondentes às p
                                                            ortas para fazer a 
                                                            comparação
   82 00000018 F442 7280       ORR              R2, #GPIO_PORTJ ;Seta o bit da 
                                                            porta J, fazendo co
                                                            m OR
   83 0000001C F441 5180       ORR              R1, #GPIO_PORTN ;Seta o bit da 
                                                            porta N, fazendo co
                                                            m OR   
   84 00000020 4211            TST              R1, R2      ;ANDS de R1 com R2
   85 00000022 D0F6            BEQ              EsperaGPIO  ;Se o flag Z=1, vol
                                                            ta para o laço. Sen
                                                            ão continua executa
                                                            ndo
   86 00000024         
   87 00000024         ; 2. Limpar o AMSEL para desabilitar a analógica
   88 00000024 F04F 0100       MOV              R1, #0x00   ;Colocar 0 no regis
                                                            trador para desabil
                                                            itar a função analó
                                                            gica
   89 00000028 4824            LDR              R0, =GPIO_PORTJ_AHB_AMSEL_R ;Ca
                                                            rrega o R0 com o en
                                                            dereço do AMSEL par
                                                            a a porta J
   90 0000002A 6001            STR              R1, [R0]    ;Guarda no registra
                                                            dor AMSEL da porta 
                                                            J da memória
   91 0000002C 4824            LDR              R0, =GPIO_PORTF_AHB_AMSEL_R ;Ca
                                                            rrega o R0 com o en
                                                            dereço do AMSEL par
                                                            a a porta F
   92 0000002E 6001            STR              R1, [R0]    ;Guarda no registra
                                                            dor AMSEL da porta 
                                                            F da memória
   93 00000030 4824            LDR              R0, =GPIO_PORTN_AHB_AMSEL_R ;Ca
                                                            rrega o R0 com o en
                                                            dereço do AMSEL par
                                                            a a porta N
   94 00000032 6001            STR              R1, [R0]    ;Guarda no registra
                                                            dor AMSEL da porta 
                                                            N da memória
   95 00000034         
   96 00000034         ; 3. Limpar PCTL para selecionar o GPIO
   97 00000034 F04F 0100       MOV              R1, #0x00   ;Colocar 0 no regis
                                                            trador para selecio
                                                            nar o modo GPIO
   98 00000038 4823            LDR              R0, =GPIO_PORTJ_AHB_PCTL_R ;Car
                                                            rega o R0 com o end
                                                            ereço do PCTL para 
                                                            a porta J
   99 0000003A 6001            STR              R1, [R0]    ;Guarda no registra
                                                            dor PCTL da porta J
                                                             da memória
  100 0000003C 4823            LDR              R0, =GPIO_PORTF_AHB_PCTL_R ;Car
                                                            rega o R0 com o end
                                                            ereço do PCTL para 
                                                            a porta F



ARM Macro Assembler    Page 5 


  101 0000003E 6001            STR              R1, [R0]    ;Guarda no registra
                                                            dor PCTL da porta F
                                                             da memória
  102 00000040 4822            LDR              R0, =GPIO_PORTF_AHB_PCTL_R ;Car
                                                            rega o R0 com o end
                                                            ereço do PCTL para 
                                                            a porta N
  103 00000042 6001            STR              R1, [R0]    ;Guarda no registra
                                                            dor PCTL da porta N
                                                             da memória
  104 00000044         ; 4. DIR para 0 se for entrada, 1 se for saída
  105 00000044 4822            LDR              R0, =GPIO_PORTF_AHB_DIR_R ;Carr
                                                            ega o R0 com o ende
                                                            reço do DIR para a 
                                                            porta F
  106 00000046 F04F 0111       MOV              R1, #2_00010001 
                                                            ;PF4 & PF0 para LED
                                                            
  107 0000004A 6001            STR              R1, [R0]    ;Guarda no registra
                                                            dor
  108 0000004C 4821            LDR              R0, =GPIO_PORTN_AHB_DIR_R ;Carr
                                                            ega o R0 com o ende
                                                            reço do DIR para a 
                                                            porta N
  109 0000004E F04F 0103       MOV              R1, #2_00000011 
                                                            ;PN1 & PN1 para LED
                                                            
  110 00000052 6001            STR              R1, [R0]    ;Guarda no reg
  111 00000054         ; O certo era verificar os outros bits da PF para não tr
                       ansformar entradas em saídas desnecessárias
  112 00000054 4820            LDR              R0, =GPIO_PORTJ_AHB_DIR_R ;Carr
                                                            ega o R0 com o ende
                                                            reço do DIR para a 
                                                            porta J
  113 00000056 F04F 0100       MOV              R1, #0x00   ;Colocar 0 no regis
                                                            trador DIR para fun
                                                            cionar com saída
  114 0000005A 6001            STR              R1, [R0]    ;Guarda no registra
                                                            dor PCTL da porta J
                                                             da memória
  115 0000005C         ; 5. Limpar os bits AFSEL para 0 para selecionar GPIO 
  116 0000005C         ;    Sem função alternativa
  117 0000005C F04F 0100       MOV              R1, #0x00   ;Colocar o valor 0 
                                                            para não setar funç
                                                            ão alternativa
  118 00000060 481E            LDR              R0, =GPIO_PORTF_AHB_AFSEL_R ;Ca
                                                            rrega o endereço do
                                                             AFSEL da porta F
  119 00000062 6001            STR              R1, [R0]    ;Escreve na porta
  120 00000064 481E            LDR              R0, =GPIO_PORTJ_AHB_AFSEL_R ;Ca
                                                            rrega o endereço do
                                                             AFSEL da porta J
  121 00000066 6001            STR              R1, [R0]    ;Escreve na porta
  122 00000068 481E            LDR              R0, =GPIO_PORTN_AHB_AFSEL_R ;Ca
                                                            rrega o endereço do
                                                             AFSEL da porta N
  123 0000006A 6001            STR              R1, [R0]    ;Escreve na porta
  124 0000006C         ; 6. Setar os bits de DEN para habilitar I/O digital
  125 0000006C 481E            LDR              R0, =GPIO_PORTF_AHB_DEN_R ;Carr



ARM Macro Assembler    Page 6 


                                                            ega o endereço do D
                                                            EN
  126 0000006E F04F 0111       MOV              R1, #2_00010001 ;Ativa os pinos
                                                             PF0 e PF4 como I/O
                                                             Digital
  127 00000072 6001            STR              R1, [R0]    ;Escreve no registr
                                                            ador da memória fun
                                                            cionalidade digital
                                                             
  128 00000074         
  129 00000074 481D            LDR              R0, =GPIO_PORTN_AHB_DEN_R ;Carr
                                                            ega o endereço do D
                                                            EN
  130 00000076 F04F 0103       MOV              R1, #2_00000011 ;Ativa os pinos
                                                             PN0 e PN1 como I/O
                                                             Digital
  131 0000007A 6001            STR              R1, [R0]    ;Escreve no reg da 
                                                            memória func digita
                                                            l
  132 0000007C         
  133 0000007C 481C            LDR              R0, =GPIO_PORTJ_AHB_DEN_R ;Carr
                                                            ega o endereço do D
                                                            EN
  134 0000007E F04F 0103       MOV              R1, #2_00000011 ;Ativa os pinos
                                                             PJ0 e PJ1 como I/O
                                                             Digital      
  135 00000082 6001            STR              R1, [R0]    ;Escreve no registr
                                                            ador da memória fun
                                                            cionalidade digital
                                                            
  136 00000084         
  137 00000084         ; 7. Para habilitar resistor de pull-up interno, setar P
                       UR para 1
  138 00000084 481B            LDR              R0, =GPIO_PORTJ_AHB_PUR_R ;Carr
                                                            ega o endereço do P
                                                            UR para a porta J
  139 00000086 F04F 0103       MOV              R1, #2_00000011 ;Habilitar func
                                                            ionalidade digital 
                                                            de resistor de pull
                                                            -up 
  140 0000008A         ;nos bits 0 e 1
  141 0000008A 6001            STR              R1, [R0]    ;Escreve no registr
                                                            ador da memória do 
                                                            resistor de pull-up
                                                             
  142 0000008C         
  143 0000008C         ;retorno            
  144 0000008C 4770            BX               LR
  145 0000008E         
  146 0000008E         ; ------------------------------------------------------
                       -------------------------
  147 0000008E         ; Função PortF_Output
  148 0000008E         ; Parâmetro de entrada: R0 --> qual o LED que deve ser a
                       ceso
  149 0000008E         ;      R7 --> modo de output (se ORR ou AND)
  150 0000008E         ; Parâmetro de saída: Não tem
  151 0000008E         PortF_Output
  152 0000008E 491A            LDR              R1, =GPIO_PORTF_AHB_DATA_R ;Car
                                                            rega o valor do off



ARM Macro Assembler    Page 7 


                                                            set do data registe
                                                            r
  153 00000090         ;Read-Modify-Write para escrita
  154 00000090 680A            LDR              R2, [R1]
  155 00000092 F022 0211       BIC              R2, #2_00010001 ;Primeiro limpa
                                                            mos os dois bits do
                                                             lido da porta R2 =
                                                             R2 & 11101110
  156 00000096 EA40 0002       ORR              R0, R0, R2  ;Fazer o OR do lido
                                                             pela porta com o p
                                                            arâmetro de entrada
                                                            
  157 0000009A 6008            STR              R0, [R1]    ;Escreve na porta F
                                                             o barramento de da
                                                            dos dos pinos F4 e 
                                                            F0
  158 0000009C 4770            BX               LR
  159 0000009E         ; Função PortN_Output
  160 0000009E         ; Parâmetro de entrada: R0 --> qual o LED que deve ser a
                       ceso
  161 0000009E         ;      R7 --> modo de output (se ORR ou AND)
  162 0000009E         PortN_Output
  163 0000009E 4917            LDR              R1, =GPIO_PORTN_AHB_DATA_R ;Car
                                                            rega o valor do off
                                                            set do data registe
                                                            r
  164 000000A0         ;Read-Modify-Write para escrita
  165 000000A0 680A            LDR              R2, [R1]
  166 000000A2 F022 0203       BIC              R2, #2_00000011 ;Primeiro limpa
                                                            mos os dois bits do
                                                             lido da porta R2 =
                                                             R2 & 11101110
  167 000000A6 EA40 0002       ORR              R0, R0, R2  ;Fazer o OR do lido
                                                             pela porta com o p
                                                            arâmetro de entrada
                                                            
  168 000000AA 6008            STR              R0, [R1]    ;Escreve na porta F
                                                             o barramento de da
                                                            dos dos pinos F4 e 
                                                            F0
  169 000000AC 4770            BX               LR
  170 000000AE         ; Função PortJ_Input
  171 000000AE         ; Parâmetro de entrada: Não tem
  172 000000AE         ; Parâmetro de saída: R0 --> o valor da leitura
  173 000000AE         PortJ_Input
  174 000000AE         ; ****************************************
  175 000000AE         ; Escrever função que lê a chave e retorna 
  176 000000AE         ; um registrador se está ativada ou não
  177 000000AE         ; ****************************************
  178 000000AE 4914            LDR              R1, =GPIO_PORTJ_AHB_DATA_R ;CAR
                                                            REGA O VALOR DO OFF
                                                            SET DO DATA REGISTE
                                                            R
  179 000000B0 6808            LDR              R0, [R1]    ;LÊ NO BARRAMENTO O
                                                             PINO
  180 000000B2 4770            BX               LR
  181 000000B4         
  182 000000B4         
  183 000000B4                 ALIGN                        ; garante que o fim



ARM Macro Assembler    Page 8 


                                                             da seção está alin
                                                            hada 
  184 000000B4                 END                          ; fim do arquivo
              400FE608 
              400FEA08 
              40060528 
              4005D528 
              40064528 
              4006052C 
              4005D52C 
              4005D400 
              40064400 
              40060400 
              4005D420 
              40060420 
              40064420 
              4005D51C 
              4006451C 
              4006051C 
              40060510 
              4005D3FC 
              400643FC 
              400603FC 
Command Line: --debug --xref --diag_suppress=9931 --cpu=Cortex-M4.fp.sp --apcs=
interwork --depend=.\gpio.d -o.\gpio.o -I.\RTE\_Target_1 -IC:\Users\User\AppDat
a\Local\Arm\Packs\Keil\TM4C_DFP\1.1.0\Device\Include\TM4C129 -IC:\Keil_v5\ARM\C
MSIS\Include --predefine="__EVAL SETA 1" --predefine="__UVISION_VERSION SETA 52
9" --predefine="TM4C1294NCPDT SETA 1" --list=.\gpio.lst gpio.s



ARM Macro Assembler    Page 1 Alphabetic symbol ordering
Relocatable symbols

.text 00000000

Symbol: .text
   Definitions
      At line 54 in file gpio.s
   Uses
      None
Comment: .text unused
EsperaGPIO 00000012

Symbol: EsperaGPIO
   Definitions
      At line 80 in file gpio.s
   Uses
      At line 85 in file gpio.s
Comment: EsperaGPIO used once
GPIO_Init 00000000

Symbol: GPIO_Init
   Definitions
      At line 68 in file gpio.s
   Uses
      At line 57 in file gpio.s
Comment: GPIO_Init used once
PortF_Output 0000008E

Symbol: PortF_Output
   Definitions
      At line 151 in file gpio.s
   Uses
      At line 58 in file gpio.s
Comment: PortF_Output used once
PortJ_Input 000000AE

Symbol: PortJ_Input
   Definitions
      At line 173 in file gpio.s
   Uses
      At line 60 in file gpio.s
Comment: PortJ_Input used once
PortN_Output 0000009E

Symbol: PortN_Output
   Definitions
      At line 162 in file gpio.s
   Uses
      At line 59 in file gpio.s
Comment: PortN_Output used once
6 symbols



ARM Macro Assembler    Page 1 Alphabetic symbol ordering
Absolute symbols

GPIO_PORTF 00000020

Symbol: GPIO_PORTF
   Definitions
      At line 37 in file gpio.s
   Uses
      At line 74 in file gpio.s
      At line 81 in file gpio.s

GPIO_PORTF_AHB_AFSEL_R 4005D420

Symbol: GPIO_PORTF_AHB_AFSEL_R
   Definitions
      At line 33 in file gpio.s
   Uses
      At line 118 in file gpio.s
Comment: GPIO_PORTF_AHB_AFSEL_R used once
GPIO_PORTF_AHB_AMSEL_R 4005D528

Symbol: GPIO_PORTF_AHB_AMSEL_R
   Definitions
      At line 30 in file gpio.s
   Uses
      At line 91 in file gpio.s
Comment: GPIO_PORTF_AHB_AMSEL_R used once
GPIO_PORTF_AHB_CR_R 4005D524

Symbol: GPIO_PORTF_AHB_CR_R
   Definitions
      At line 29 in file gpio.s
   Uses
      None
Comment: GPIO_PORTF_AHB_CR_R unused
GPIO_PORTF_AHB_DATA_R 4005D3FC

Symbol: GPIO_PORTF_AHB_DATA_R
   Definitions
      At line 36 in file gpio.s
   Uses
      At line 152 in file gpio.s
Comment: GPIO_PORTF_AHB_DATA_R used once
GPIO_PORTF_AHB_DEN_R 4005D51C

Symbol: GPIO_PORTF_AHB_DEN_R
   Definitions
      At line 34 in file gpio.s
   Uses
      At line 125 in file gpio.s
Comment: GPIO_PORTF_AHB_DEN_R used once
GPIO_PORTF_AHB_DIR_R 4005D400

Symbol: GPIO_PORTF_AHB_DIR_R
   Definitions
      At line 32 in file gpio.s
   Uses
      At line 105 in file gpio.s
Comment: GPIO_PORTF_AHB_DIR_R used once
GPIO_PORTF_AHB_LOCK_R 4005D520




ARM Macro Assembler    Page 2 Alphabetic symbol ordering
Absolute symbols

Symbol: GPIO_PORTF_AHB_LOCK_R
   Definitions
      At line 28 in file gpio.s
   Uses
      None
Comment: GPIO_PORTF_AHB_LOCK_R unused
GPIO_PORTF_AHB_PCTL_R 4005D52C

Symbol: GPIO_PORTF_AHB_PCTL_R
   Definitions
      At line 31 in file gpio.s
   Uses
      At line 100 in file gpio.s
      At line 102 in file gpio.s

GPIO_PORTF_AHB_PUR_R 4005D510

Symbol: GPIO_PORTF_AHB_PUR_R
   Definitions
      At line 35 in file gpio.s
   Uses
      None
Comment: GPIO_PORTF_AHB_PUR_R unused
GPIO_PORTJ 00000100

Symbol: GPIO_PORTJ
   Definitions
      At line 26 in file gpio.s
   Uses
      At line 75 in file gpio.s
      At line 82 in file gpio.s

GPIO_PORTJ_AHB_AFSEL_R 40060420

Symbol: GPIO_PORTJ_AHB_AFSEL_R
   Definitions
      At line 22 in file gpio.s
   Uses
      At line 120 in file gpio.s
Comment: GPIO_PORTJ_AHB_AFSEL_R used once
GPIO_PORTJ_AHB_AMSEL_R 40060528

Symbol: GPIO_PORTJ_AHB_AMSEL_R
   Definitions
      At line 19 in file gpio.s
   Uses
      At line 89 in file gpio.s
Comment: GPIO_PORTJ_AHB_AMSEL_R used once
GPIO_PORTJ_AHB_CR_R 40060524

Symbol: GPIO_PORTJ_AHB_CR_R
   Definitions
      At line 18 in file gpio.s
   Uses
      None
Comment: GPIO_PORTJ_AHB_CR_R unused
GPIO_PORTJ_AHB_DATA_R 400603FC

Symbol: GPIO_PORTJ_AHB_DATA_R



ARM Macro Assembler    Page 3 Alphabetic symbol ordering
Absolute symbols

   Definitions
      At line 25 in file gpio.s
   Uses
      At line 178 in file gpio.s
Comment: GPIO_PORTJ_AHB_DATA_R used once
GPIO_PORTJ_AHB_DEN_R 4006051C

Symbol: GPIO_PORTJ_AHB_DEN_R
   Definitions
      At line 23 in file gpio.s
   Uses
      At line 133 in file gpio.s
Comment: GPIO_PORTJ_AHB_DEN_R used once
GPIO_PORTJ_AHB_DIR_R 40060400

Symbol: GPIO_PORTJ_AHB_DIR_R
   Definitions
      At line 21 in file gpio.s
   Uses
      At line 112 in file gpio.s
Comment: GPIO_PORTJ_AHB_DIR_R used once
GPIO_PORTJ_AHB_LOCK_R 40060520

Symbol: GPIO_PORTJ_AHB_LOCK_R
   Definitions
      At line 17 in file gpio.s
   Uses
      None
Comment: GPIO_PORTJ_AHB_LOCK_R unused
GPIO_PORTJ_AHB_PCTL_R 4006052C

Symbol: GPIO_PORTJ_AHB_PCTL_R
   Definitions
      At line 20 in file gpio.s
   Uses
      At line 98 in file gpio.s
Comment: GPIO_PORTJ_AHB_PCTL_R used once
GPIO_PORTJ_AHB_PUR_R 40060510

Symbol: GPIO_PORTJ_AHB_PUR_R
   Definitions
      At line 24 in file gpio.s
   Uses
      At line 138 in file gpio.s
Comment: GPIO_PORTJ_AHB_PUR_R used once
GPIO_PORTN 00001000

Symbol: GPIO_PORTN
   Definitions
      At line 48 in file gpio.s
   Uses
      At line 76 in file gpio.s
      At line 83 in file gpio.s

GPIO_PORTN_AHB_AFSEL_R 40064420

Symbol: GPIO_PORTN_AHB_AFSEL_R
   Definitions
      At line 44 in file gpio.s



ARM Macro Assembler    Page 4 Alphabetic symbol ordering
Absolute symbols

   Uses
      At line 122 in file gpio.s
Comment: GPIO_PORTN_AHB_AFSEL_R used once
GPIO_PORTN_AHB_AMSEL_R 40064528

Symbol: GPIO_PORTN_AHB_AMSEL_R
   Definitions
      At line 41 in file gpio.s
   Uses
      At line 93 in file gpio.s
Comment: GPIO_PORTN_AHB_AMSEL_R used once
GPIO_PORTN_AHB_CR_R 40064524

Symbol: GPIO_PORTN_AHB_CR_R
   Definitions
      At line 40 in file gpio.s
   Uses
      None
Comment: GPIO_PORTN_AHB_CR_R unused
GPIO_PORTN_AHB_DATA_R 400643FC

Symbol: GPIO_PORTN_AHB_DATA_R
   Definitions
      At line 47 in file gpio.s
   Uses
      At line 163 in file gpio.s
Comment: GPIO_PORTN_AHB_DATA_R used once
GPIO_PORTN_AHB_DEN_R 4006451C

Symbol: GPIO_PORTN_AHB_DEN_R
   Definitions
      At line 45 in file gpio.s
   Uses
      At line 129 in file gpio.s
Comment: GPIO_PORTN_AHB_DEN_R used once
GPIO_PORTN_AHB_DIR_R 40064400

Symbol: GPIO_PORTN_AHB_DIR_R
   Definitions
      At line 43 in file gpio.s
   Uses
      At line 108 in file gpio.s
Comment: GPIO_PORTN_AHB_DIR_R used once
GPIO_PORTN_AHB_LOCK_R 40064520

Symbol: GPIO_PORTN_AHB_LOCK_R
   Definitions
      At line 39 in file gpio.s
   Uses
      None
Comment: GPIO_PORTN_AHB_LOCK_R unused
GPIO_PORTN_AHB_PCTL_R 4006452C

Symbol: GPIO_PORTN_AHB_PCTL_R
   Definitions
      At line 42 in file gpio.s
   Uses
      None
Comment: GPIO_PORTN_AHB_PCTL_R unused



ARM Macro Assembler    Page 5 Alphabetic symbol ordering
Absolute symbols

GPIO_PORTN_AHB_PUR_R 40064510

Symbol: GPIO_PORTN_AHB_PUR_R
   Definitions
      At line 46 in file gpio.s
   Uses
      None
Comment: GPIO_PORTN_AHB_PUR_R unused
SYSCTL_PRGPIO_R 400FEA08

Symbol: SYSCTL_PRGPIO_R
   Definitions
      At line 13 in file gpio.s
   Uses
      At line 79 in file gpio.s
Comment: SYSCTL_PRGPIO_R used once
SYSCTL_RCGCGPIO_R 400FE608

Symbol: SYSCTL_RCGCGPIO_R
   Definitions
      At line 12 in file gpio.s
   Uses
      At line 73 in file gpio.s
Comment: SYSCTL_RCGCGPIO_R used once
32 symbols
374 symbols in table
